hp-check[3712]: info: :
hp-check[3712]: info: :[01mHP Linux Imaging and Printing System (ver. 3.16.5)[0m
hp-check[3712]: info: :[01mDependency/Version Check Utility ver. 15.1[0m
hp-check[3712]: info: :
hp-check[3712]: info: :Copyright (c) 2001-15 HP Development Company, LP
hp-check[3712]: info: :This software comes with ABSOLUTELY NO WARRANTY.
hp-check[3712]: info: :This is free software, and you are welcome to distribute it
hp-check[3712]: info: :under certain conditions. See COPYING file for more details.
hp-check[3712]: info: :
hp-check[3712]: info: :[01mNote: hp-check can be run in three modes:[0m
hp-check[3712]: info: :1. Compile-time check mode (-c or --compile): Use this mode before compiling the HPLIP supplied tarball (.tar.gz or .run) to determine if   
hp-check[3712]: info: :the proper dependencies are installed to successfully compile HPLIP.                                                                        
hp-check[3712]: info: :2. Run-time check mode (-r or --run): Use this mode to determine if a distro supplied package (.deb, .rpm, etc) or an already built HPLIP   
hp-check[3712]: info: :supplied tarball has the proper dependencies installed to successfully run.                                                                 
hp-check[3712]: info: :3. Both compile- and run-time check mode (-b or --both) (Default): This mode will check both of the above cases (both compile- and run-time 
hp-check[3712]: info: :dependencies).                                                                                                                              
hp-check[3712]: info: :
hp-check[3712]: info: :Check types:                                                                                                                                
hp-check[3712]: info: :a. EXTERNALDEP - External Dependencies                                                                                                      
hp-check[3712]: info: :b. GENERALDEP - General Dependencies (required both at compile and run time)                                                                
hp-check[3712]: info: :c. COMPILEDEP - Compile time Dependencies                                                                                                   
hp-check[3712]: info: :d. [All are run-time checks]                                                                                                                
hp-check[3712]: info: :PYEXT SCANCONF QUEUES PERMISSION                                                                                                            
hp-check[3712]: info: :
hp-check[3712]: info: :Status Types:
hp-check[3712]: info: :    OK
hp-check[3712]: info: :    MISSING       - Missing Dependency or Permission or Plug-in
hp-check[3712]: info: :    INCOMPAT      - Incompatible dependency-version or Plugin-version
hp-check[3712]: info: :
warning: arch distro is not found in AUTH_TYPES
warning: [01m0- version is not supported. Using 0-0 versions dependencies to verify and install...[0m
hp-check[3712]: info: :
hp-check[3712]: info: :---------------
hp-check[3712]: info: :| SYSTEM INFO |
hp-check[3712]: info: :---------------
hp-check[3712]: info: :
hp-check[3712]: info: : Kernel: 4.5.4-1-ARCH #1 SMP PREEMPT Wed May 11 22:21:28 CEST 2016 GNU/Linux
 Host: flagshipped
 Proc: 4.5.4-1-ARCH #1 SMP PREEMPT Wed May 11 22:21:28 CEST 2016 GNU/Linux
 Distribution: 0 
hp-check[3712]: info: : Bitness: 64 bit

hp-check[3712]: info: :
hp-check[3712]: info: :-----------------------
hp-check[3712]: info: :| HPLIP CONFIGURATION |
hp-check[3712]: info: :-----------------------
hp-check[3712]: info: :
hp-check[3712]: info: :HPLIP-Version: HPLIP 3.16.5
hp-check[3712]: info: :HPLIP-Home: /usr/share/hplip
warning: HPLIP-Installation: Auto installation is not supported for 0 distro   version 
hp-check[3712]: info: :
hp-check[3712]: info: :[01mCurrent contents of '/etc/hp/hplip.conf' file:[0m
hp-check[3712]: info: :# hplip.conf.  Generated from hplip.conf.in by configure.

[hplip]
version=3.16.5

[dirs]
home=/usr/share/hplip
run=/var/run
ppd=/usr/share/ppd/HP
ppdbase=/usr/share/ppd
doc=/usr/share/doc/hplip-3.16.5
html=/usr/share/doc/hplip-3.16.5
icon=/usr/share/applications
cupsbackend=/usr/lib/cups/backend
cupsfilter=/usr/lib/cups/filter
drv=/usr/share/cups/drv/hp
bin=/usr/bin
apparmor=/etc/apparmor.d
# Following values are determined at configure time and cannot be changed.
[configure]
network-build=yes
libusb01-build=no
pp-build=yes
gui-build=yes
scanner-build=yes
fax-build=yes
dbus-build=yes
cups11-build=no
doc-build=yes
shadow-build=no
hpijs-install=yes
foomatic-drv-install=yes
foomatic-ppd-install=yes
foomatic-rip-hplip-install=no
hpcups-install=yes
cups-drv-install=yes
cups-ppd-install=yes
internal-tag=3.16.5
restricted-build=no
ui-toolkit=qt4
qt3=no
qt4=yes
qt5=no
policy-kit=no
lite-build=no
udev_sysfs_rules=no
hpcups-only-build=no
hpijs-only-build=no
apparmor_build=no

hp-check[3712]: info: :
hp-check[3712]: info: :[01mCurrent contents of '/var/lib/hp/hplip.state' file:[0m
hp-check[3712]: info: :Plugins are not installed. Could not access file: No such file or directory
hp-check[3712]: info: :
hp-check[3712]: info: :[01mCurrent contents of '~/.hplip/hplip.conf' file:[0m
hp-check[3712]: info: :[last_used]
device_uri = hp:/net/HP_Officejet_Pro_8620?ip=172.20.100.124
printer_name = 
working_dir = .

[installation]
date_time = 05/27/16 16:40:17
version = 3.16.5

[settings]
systray_visible = 0
systray_messages = 0

[commands]
scan = /usr/bin/xsane -V %SANE_URI%

[refresh]
rate = 30
enable = false
type = 1

[polling]
enable = false
interval = 5
device_list = 

[fax]
voice_phone = 
email_address = 

[upgrade]
notify_upgrade = false
last_upgraded_time = 1428398357
pending_upgrade_time = 0


hp-check[3712]: info: : <Package-name>        <Package-Desc>      <Required/Optional> <Min-Version> <Installed-Version> <Status>   <Comment>
hp-check[3712]: info: :
hp-check[3712]: info: :------------------------
hp-check[3712]: info: :| General Dependencies |
hp-check[3712]: info: :------------------------
hp-check[3712]: info: :
hp-check[3712]: info: : python3-dbus         Python DBus - Python bindings for DBus                       REQUIRED        0.80.0          1.2.4           OK         -
hp-check[3712]: info: : libnetsnmp-devel     libnetsnmp-devel - SNMP networking library development files REQUIRED        5.0.9           5.7.3           OK         -
hp-check[3712]: info: : python3-xml          Python XML libraries                                         REQUIRED        -               2.1.1           OK         -
hp-check[3712]: info: : libusb               libusb - USB library                                         REQUIRED        -               1.0             OK         -
hp-check[3712]: info: : cups-ddk             CUPS DDK - CUPS driver development kit                       OPTIONAL        -               -               OK         -
hp-check[3712]: info: : sane-devel           SANE - Scanning library development files                    REQUIRED        -               1.0.25          OK         -
hp-check[3712]: info: : python3X             Python 2.2 or greater - Python programming language          REQUIRED        2.2             3.5.1           OK         -
hp-check[3712]: info: : libcrypto            libcrypto - OpenSSL cryptographic library                    REQUIRED        -               1.0.2           OK         -
hp-check[3712]: info: : python3-pyqt4-dbus   PyQt 4 DBus - DBus Support for PyQt4                         OPTIONAL        4.0             4.11.4          OK         -
hp-check[3712]: info: :[31;01m error: python3-notify2 Python libnotify - Python bindings for the libnotify Desktop notifications OPTIONAL        -               -               MISSING    'python3-notify2 needs to be installed'[0m
hp-check[3712]: info: : cups-image           CUPS image - CUPS image development files                    REQUIRED        -               2.1.3           OK         -
hp-check[3712]: info: : cups-devel           CUPS devel- Common Unix Printing System development files    REQUIRED        -               2.1.3           OK         -
hp-check[3712]: info: :[31;01m error: python3-reportlab Reportlab - PDF library for Python                           OPTIONAL        2.0             -               MISSING    'python3-reportlab needs to be installed'[0m
hp-check[3712]: info: :[31;01m error: python3-pil   PIL - Python Imaging Library (required for commandline scanning with hp-scan) OPTIONAL        -               -               MISSING    'python3-pil needs to be installed'[0m
hp-check[3712]: info: : python3-devel        Python devel - Python development files                      REQUIRED        2.2             3.5.1           OK         -
hp-check[3712]: info: : libpthread           libpthread - POSIX threads library                           REQUIRED        -               b'2.23'         OK         -
hp-check[3712]: info: : sane                 SANE - Scanning library                                      REQUIRED        -               1.0.25          OK         -
hp-check[3712]: info: : libjpeg              libjpeg - JPEG library                                       REQUIRED        -               -               OK         -
hp-check[3712]: info: : python3-pyqt4        PyQt 4- Qt interface for Python (for Qt version 4.x)         REQUIRED        4.0             4.11.4          OK         -
hp-check[3712]: info: :
hp-check[3712]: info: :--------------
hp-check[3712]: info: :| COMPILEDEP |
hp-check[3712]: info: :--------------
hp-check[3712]: info: :
hp-check[3712]: info: : gcc                  gcc - GNU Project C and C++ Compiler                         REQUIRED        -               6.1.1           OK         -
hp-check[3712]: info: : make                 make - GNU make utility to maintain groups of programs       REQUIRED        3.0             4.1             OK         -
hp-check[3712]: info: : libtool              libtool - Library building support services                  REQUIRED        -               2.4.6           OK         -
hp-check[3712]: info: :
hp-check[3712]: info: :---------------------
hp-check[3712]: info: :| Python Extentions |
hp-check[3712]: info: :---------------------
hp-check[3712]: info: :
hp-check[3712]: info: : cupsext              CUPS-Extension                                               REQUIRED        -               3.16.5          OK         -
hp-check[3712]: info: : hpmudext             IO-Extension                                                 REQUIRED        -               3.16.5          OK         -
hp-check[3712]: info: :
hp-check[3712]: info: :----------------------
hp-check[3712]: info: :| Scan Configuration |
hp-check[3712]: info: :----------------------
hp-check[3712]: info: :
hp-check[3712]: info: : hpaio                HPLIP-SANE-Backend                                           REQUIRED        -               3.16.5          OK         'hpaio found in /etc/sane.d/dll.conf'
hp-check[3712]: info: : scanext              Scan-SANE-Extension                                          REQUIRED        -               3.16.5          OK         -
hp-check[3712]: info: :
hp-check[3712]: info: :-------------------------
hp-check[3712]: info: :| External Dependencies |
hp-check[3712]: info: :-------------------------
hp-check[3712]: info: :
hp-check[3712]: info: : dbus                 DBus - Message bus system                                    REQUIRED        -               1.10.8          OK         -
hp-check[3712]: info: : scanimage            scanimage - Shell scanning program                           OPTIONAL        1.0             1.0.25          OK         -
hp-check[3712]: info: : gs                   GhostScript - PostScript and PDF language interpreter and previewer REQUIRED        7.05            9.19            OK         -
hp-check[3712]: info: : policykit            PolicyKit - Administrative policy framework                  OPTIONAL        -               0.113           OK         -
hp-check[3712]: info: : avahi-utils          avahi-utils                                                  OPTIONAL        -               0.6.32          OK         -
hp-check[3712]: info: : cups                 CUPS - Common Unix Printing System                           REQUIRED        1.1             2.1.3           OK         'CUPS Scheduler is running'
hp-check[3712]: info: : network              network -wget                                                OPTIONAL        -               1.17.1          OK         -
hp-check[3712]: info: : xsane                xsane - Graphical scanner frontend for SANE                  OPTIONAL        0.9             0.999           OK         -
hp-check[3712]: info: :
hp-check[3712]: info: :------------------------------
hp-check[3712]: info: :| DISCOVERED SCANNER DEVICES |
hp-check[3712]: info: :------------------------------
hp-check[3712]: info: :
hp-check[3712]: info: :device `hpaio:/net/HP_Officejet_Pro_8620?hostname=HP9DB7F8.fritz.box' is a Hewlett-Packard HP_Officejet_Pro_8620 all-in-one
device `hpaio:/net/HP_Officejet_Pro_8620?ip=172.20.100.124' is a Hewlett-Packard HP_Officejet_Pro_8620 all-in-one
device `hpaio:/net/hp_officejet_pro_8620?ip=192.168.178.80&queue=false' is a Hewlett-Packard hp_officejet_pro_8620 all-in-one
device `v4l:/dev/video0' is a Noname Integrated Camera virtual device

hp-check[3712]: info: :
hp-check[3712]: info: :--------------------------
hp-check[3712]: info: :| DISCOVERED USB DEVICES |
hp-check[3712]: info: :--------------------------
hp-check[3712]: info: :
hp-check[3712]: info: :No devices found.
hp-check[3712]: info: :
hp-check[3712]: info: :---------------------------------
hp-check[3712]: info: :| INSTALLED CUPS PRINTER QUEUES |
hp-check[3712]: info: :---------------------------------
hp-check[3712]: info: :
hp-check[3712]: info: :
hp-check[3712]: info: :[01mHP_Officejet_Pro_8620[0m
hp-check[3712]: info: :[01m---------------------[0m
hp-check[3712]: info: :Type: Printer
hp-check[3712]: info: :Device URI: hp:/net/HP_Officejet_Pro_8620?hostname=HP9DB7F8.fritz.box
hp-check[3712]: info: :PPD: /etc/cups/ppd/HP_Officejet_Pro_8620.ppd
hp-check[3712]: info: :PPD Description: HP Officejet Pro 8620, hpcups 3.15.4
hp-check[3712]: info: :Printer status: printer HP_Officejet_Pro_8620 disabled since Fri 27 May 2016 04:30:53 PM CEST -	Rendering completed
hp-check[3712]: info: :Communication status: Good
hp-check[3712]: info: :
hp-check[3712]: info: :[01mZuhause[0m
hp-check[3712]: info: :[01m-------[0m
hp-check[3712]: info: :Type: Printer
hp-check[3712]: info: :Device URI: hp:/net/HP_Officejet_Pro_8620?ip=172.20.100.124
hp-check[3712]: info: :PPD: /etc/cups/ppd/Zuhause.ppd
hp-check[3712]: info: :PPD Description: HP Officejet Pro 8620, hpcups 3.16.2
hp-check[3712]: info: :Printer status: printer Zuhause is idle.  enabled since Thu 24 Mar 2016 05:43:45 PM CET
error: Communication status: Failed
hp-check[3712]: info: :
hp-check[3712]: info: :
hp-check[3712]: info: :--------------
hp-check[3712]: info: :| PERMISSION |
hp-check[3712]: info: :--------------
hp-check[3712]: info: :
hp-check[3712]: info: :
hp-check[3712]: info: :-----------
hp-check[3712]: info: :| SUMMARY |
hp-check[3712]: info: :-----------
hp-check[3712]: info: :
hp-check[3712]: info: :[01mMissing Required Dependencies[0m
hp-check[3712]: info: :[01m-----------------------------[0m
hp-check[3712]: info: :None
hp-check[3712]: info: :
hp-check[3712]: info: :[01mMissing Optional Dependencies[0m
hp-check[3712]: info: :[01m-----------------------------[0m
hp-check[3712]: info: :None

hp-check[3712]: info: :
hp-check[3712]: info: :Total Errors: 4
hp-check[3712]: info: :Total Warnings: 0
hp-check[3712]: info: :
hp-check[3712]: info: :
hp-check[3712]: info: :Done.
